6/8/2021, 5:54:50 PM - INFO - Server is running on port: 3030 
6/8/2021, 5:57:34 PM - DEBUG - auth.service - login with username: cohenasaf332@gmail.com (sid: upvb2EIq_MVXDs5omMh5WpMv3YJcbOzX)
6/8/2021, 5:57:34 PM - INFO - Req from: Asaf Cohen (sid: upvb2EIq_MVXDs5omMh5WpMv3YJcbOzX)
6/8/2021, 5:57:35 PM - INFO - Req from: Asaf Cohen (sid: upvb2EIq_MVXDs5omMh5WpMv3YJcbOzX)
6/8/2021, 5:57:44 PM - INFO - Req from: Asaf Cohen (sid: upvb2EIq_MVXDs5omMh5WpMv3YJcbOzX)
6/8/2021, 5:58:09 PM - DEBUG - auth.service - login with username: cohenasaf332@gmail.com (sid: upvb2EIq_MVXDs5omMh5WpMv3YJcbOzX)
6/8/2021, 5:58:09 PM - INFO - Req from: Asaf Cohen (sid: upvb2EIq_MVXDs5omMh5WpMv3YJcbOzX)
6/8/2021, 5:58:11 PM - INFO - Req from: Asaf Cohen (sid: upvb2EIq_MVXDs5omMh5WpMv3YJcbOzX)
6/8/2021, 5:59:05 PM - INFO - Req from: Asaf Cohen (sid: upvb2EIq_MVXDs5omMh5WpMv3YJcbOzX)
6/8/2021, 5:59:37 PM - INFO - Req from: Asaf Cohen (sid: upvb2EIq_MVXDs5omMh5WpMv3YJcbOzX)
6/8/2021, 6:10:15 PM - INFO - Req from: Asaf Cohen (sid: upvb2EIq_MVXDs5omMh5WpMv3YJcbOzX)
6/8/2021, 6:10:17 PM - INFO - Req from: Asaf Cohen (sid: upvb2EIq_MVXDs5omMh5WpMv3YJcbOzX)
6/8/2021, 7:10:12 PM - INFO - Req from: Asaf Cohen (sid: upvb2EIq_MVXDs5omMh5WpMv3YJcbOzX)
6/8/2021, 7:10:16 PM - INFO - Req from: Asaf Cohen (sid: upvb2EIq_MVXDs5omMh5WpMv3YJcbOzX)
6/8/2021, 7:10:43 PM - INFO - Req from: Asaf Cohen (sid: upvb2EIq_MVXDs5omMh5WpMv3YJcbOzX)
6/8/2021, 7:10:44 PM - INFO - Req from: Asaf Cohen (sid: upvb2EIq_MVXDs5omMh5WpMv3YJcbOzX)
6/8/2021, 7:11:00 PM - INFO - Req from: Asaf Cohen (sid: upvb2EIq_MVXDs5omMh5WpMv3YJcbOzX)
6/8/2021, 7:11:03 PM - INFO - Req from: Asaf Cohen (sid: upvb2EIq_MVXDs5omMh5WpMv3YJcbOzX)
6/8/2021, 7:14:45 PM - INFO - Req from: Asaf Cohen (sid: upvb2EIq_MVXDs5omMh5WpMv3YJcbOzX)
6/8/2021, 7:14:46 PM - INFO - Req from: Asaf Cohen (sid: upvb2EIq_MVXDs5omMh5WpMv3YJcbOzX)
6/8/2021, 7:14:53 PM - INFO - Req from: Asaf Cohen (sid: upvb2EIq_MVXDs5omMh5WpMv3YJcbOzX)
6/8/2021, 7:14:57 PM - INFO - Req from: Asaf Cohen (sid: upvb2EIq_MVXDs5omMh5WpMv3YJcbOzX)
6/8/2021, 7:14:59 PM - INFO - Req from: Asaf Cohen (sid: upvb2EIq_MVXDs5omMh5WpMv3YJcbOzX)
6/8/2021, 7:48:19 PM - INFO - Req from: Asaf Cohen (sid: upvb2EIq_MVXDs5omMh5WpMv3YJcbOzX)
6/8/2021, 8:16:48 PM - INFO - Req from: Asaf Cohen (sid: upvb2EIq_MVXDs5omMh5WpMv3YJcbOzX)
6/8/2021, 8:16:50 PM - INFO - Req from: Asaf Cohen (sid: upvb2EIq_MVXDs5omMh5WpMv3YJcbOzX)
6/8/2021, 9:36:26 PM - INFO - Req from: Asaf Cohen (sid: upvb2EIq_MVXDs5omMh5WpMv3YJcbOzX)
6/8/2021, 9:37:10 PM - INFO - Req from: Asaf Cohen (sid: upvb2EIq_MVXDs5omMh5WpMv3YJcbOzX)
6/8/2021, 9:37:25 PM - INFO - Req from: Asaf Cohen (sid: upvb2EIq_MVXDs5omMh5WpMv3YJcbOzX)
6/8/2021, 9:47:05 PM - INFO - Req from: Asaf Cohen (sid: upvb2EIq_MVXDs5omMh5WpMv3YJcbOzX)
6/8/2021, 9:48:02 PM - INFO - Req from: Asaf Cohen (sid: upvb2EIq_MVXDs5omMh5WpMv3YJcbOzX)
6/8/2021, 9:48:15 PM - INFO - Req from: Asaf Cohen (sid: upvb2EIq_MVXDs5omMh5WpMv3YJcbOzX)
6/8/2021, 9:49:58 PM - INFO - Req from: Asaf Cohen (sid: upvb2EIq_MVXDs5omMh5WpMv3YJcbOzX)
6/8/2021, 9:52:34 PM - INFO - Req from: Asaf Cohen (sid: upvb2EIq_MVXDs5omMh5WpMv3YJcbOzX)
6/8/2021, 9:52:38 PM - INFO - Req from: Asaf Cohen (sid: upvb2EIq_MVXDs5omMh5WpMv3YJcbOzX)
6/8/2021, 9:52:39 PM - INFO - Req from: Asaf Cohen (sid: upvb2EIq_MVXDs5omMh5WpMv3YJcbOzX)
6/8/2021, 9:52:40 PM - INFO - Req from: Asaf Cohen (sid: upvb2EIq_MVXDs5omMh5WpMv3YJcbOzX)
6/8/2021, 9:52:40 PM - INFO - Req from: Asaf Cohen (sid: upvb2EIq_MVXDs5omMh5WpMv3YJcbOzX)
6/8/2021, 9:52:40 PM - INFO - Req from: Asaf Cohen (sid: upvb2EIq_MVXDs5omMh5WpMv3YJcbOzX)
6/8/2021, 9:52:46 PM - INFO - Req from: Asaf Cohen (sid: upvb2EIq_MVXDs5omMh5WpMv3YJcbOzX)
6/8/2021, 9:52:46 PM - INFO - Req from: Asaf Cohen (sid: upvb2EIq_MVXDs5omMh5WpMv3YJcbOzX)
6/8/2021, 9:52:46 PM - INFO - Req from: Asaf Cohen (sid: upvb2EIq_MVXDs5omMh5WpMv3YJcbOzX)
6/8/2021, 9:52:46 PM - INFO - Req from: Asaf Cohen (sid: upvb2EIq_MVXDs5omMh5WpMv3YJcbOzX)
6/8/2021, 9:52:47 PM - INFO - Req from: Asaf Cohen (sid: upvb2EIq_MVXDs5omMh5WpMv3YJcbOzX)
6/8/2021, 9:52:47 PM - INFO - Req from: Asaf Cohen (sid: upvb2EIq_MVXDs5omMh5WpMv3YJcbOzX)
6/8/2021, 9:52:48 PM - INFO - Req from: Asaf Cohen (sid: upvb2EIq_MVXDs5omMh5WpMv3YJcbOzX)
6/8/2021, 9:52:52 PM - INFO - Req from: Asaf Cohen (sid: upvb2EIq_MVXDs5omMh5WpMv3YJcbOzX)
6/8/2021, 9:52:59 PM - ERROR - cannot add board | MongoNetworkError: connection 2 to 18.200.39.177:27017 closed (sid: upvb2EIq_MVXDs5omMh5WpMv3YJcbOzX)
6/8/2021, 9:52:59 PM - ERROR - Failed to add board | MongoNetworkError: connection 2 to 18.200.39.177:27017 closed (sid: upvb2EIq_MVXDs5omMh5WpMv3YJcbOzX)
6/8/2021, 9:53:12 PM - INFO - Server is running on port: 3030 
6/8/2021, 9:56:44 PM - ERROR - while finding board undefined | Error: Argument passed in must be a single String of 12 bytes or a string of 24 hex characters (sid: wWPFUdbVP8m5asNF06QEifDHVqQwi0dT)
6/8/2021, 9:56:44 PM - ERROR - Failed to get board | Error: Argument passed in must be a single String of 12 bytes or a string of 24 hex characters (sid: wWPFUdbVP8m5asNF06QEifDHVqQwi0dT)
